D:\C++VS2012\PROJECTS\NETWORKPICTURESCRAWLER\NETWORKPICTURESCRAWLER\DEBUG\MAIN.OBJ
D:\C++VS2012\PROJECTS\NETWORKPICTURESCRAWLER\NETWORKPICTURESCRAWLER\DEBUG\VC110.PDB
D:\C++VS2012\PROJECTS\NETWORKPICTURESCRAWLER\DEBUG\NETWORKPICTURESCRAWLER.ILK
D:\C++VS2012\PROJECTS\NETWORKPICTURESCRAWLER\DEBUG\NETWORKPICTURESCRAWLER.EXE
D:\C++VS2012\PROJECTS\NETWORKPICTURESCRAWLER\DEBUG\NETWORKPICTURESCRAWLER.PDB
D:\C++VS2012\projects\NetworkPicturesCrawler\NetworkPicturesCrawler\Debug\main.obj
D:\C++VS2012\projects\NetworkPicturesCrawler\NetworkPicturesCrawler\Debug\cl.command.1.tlog
D:\C++VS2012\projects\NetworkPicturesCrawler\NetworkPicturesCrawler\Debug\CL.read.1.tlog
D:\C++VS2012\projects\NetworkPicturesCrawler\NetworkPicturesCrawler\Debug\CL.write.1.tlog
D:\C++VS2012\projects\NetworkPicturesCrawler\NetworkPicturesCrawler\Debug\link-cvtres.read.1.tlog
D:\C++VS2012\projects\NetworkPicturesCrawler\NetworkPicturesCrawler\Debug\link-cvtres.write.1.tlog
D:\C++VS2012\projects\NetworkPicturesCrawler\NetworkPicturesCrawler\Debug\link-rc.read.1.tlog
D:\C++VS2012\projects\NetworkPicturesCrawler\NetworkPicturesCrawler\Debug\link-rc.write.1.tlog
D:\C++VS2012\projects\NetworkPicturesCrawler\NetworkPicturesCrawler\Debug\link.command.1.tlog
D:\C++VS2012\projects\NetworkPicturesCrawler\NetworkPicturesCrawler\Debug\link.read.1.tlog
D:\C++VS2012\projects\NetworkPicturesCrawler\NetworkPicturesCrawler\Debug\link.write.1.tlog
D:\C++VS2012\projects\NetworkPicturesCrawler\NetworkPicturesCrawler\Debug\vc110.idb
D:\C++VS2012\projects\NetworkPicturesCrawler\NetworkPicturesCrawler\Debug\vc110.pdb
D:\C++VS2012\projects\NetworkPicturesCrawler\Debug\NetworkPicturesCrawler.pdb
D:\C++VS2012\projects\NetworkPicturesCrawler\Debug\NetworkPicturesCrawler.exe
D:\C++VS2012\projects\NetworkPicturesCrawler\Debug\NetworkPicturesCrawler.ilk
